[03-Dec-2014 17:46:43 UTC] WordPress database error You have an error in your SQL syntax; check the manual that corresponds to your MySQL server version for the right syntax to use near '`wp_gmp_options` (  `code` ,  `value` ,  `label` ) 
					VALUES ( 'save_statist' at line 1 for query `wp_gmp_options` (  `code` ,  `value` ,  `label` ) 
					VALUES ( 'save_statistic',  '0',  'Send statistic') made by activate_plugin, include_once('/plugins/google-maps-widget-ready/gmp.php'), installerGmp::update, installerGmp::init, dbGmp::query
[03-Dec-2014 17:46:43 UTC] WordPress database error Duplicate entry 'promo_ready' for key 'code' for query INSERT INTO `wp_gmp_modules` (id, code, active, type_id, params, has_tab, label, description)
			VALUES (NULL, 'promo_ready', 1, 1, '', 0, 'Promo Ready', 'Promo Ready'); made by activate_plugin, include_once('/plugins/google-maps-widget-ready/gmp.php'), installerGmp::update, installerGmp::init, installerDbUpdaterGmp::runUpdate, installerDbUpdaterGmp::update_044, dbGmp::query
[03-Dec-2014 17:46:43 UTC] WordPress database error Duplicate column name 'title' for query ALTER TABLE `wp_gmp_icons`
			ADD column `title` VARCHAR(100), 
			ADD column `description` text; made by activate_plugin, include_once('/plugins/google-maps-widget-ready/gmp.php'), installerGmp::update, installerGmp::init, installerDbUpdaterGmp::runUpdate, installerDbUpdaterGmp::update_046, dbGmp::query
[03-Dec-2014 17:46:43 UTC] WordPress database error Duplicate column name 'params' for query ALTER TABLE `wp_gmp_markers` ADD column `params` text; made by activate_plugin, include_once('/plugins/google-maps-widget-ready/gmp.php'), installerGmp::update, installerGmp::init, installerDbUpdaterGmp::runUpdate, installerDbUpdaterGmp::update_05, dbGmp::query
[03-Dec-2014 17:46:43 UTC] WordPress database error Duplicate entry 'promo_ready' for key 'code' for query INSERT INTO `wp_gmp_modules` (id, code, active, type_id, params, has_tab, label, description)
			VALUES (NULL, 'promo_ready', 1, 1, '', 0, 'Promo Ready', 'Promo Ready'); made by activate_plugin, do_action('activate_google-maps-widget-ready/gmp.php'), call_user_func_array, utilsGmp::activatePlugin, installerGmp::init, installerDbUpdaterGmp::runUpdate, installerDbUpdaterGmp::update_044, dbGmp::query
[03-Dec-2014 17:46:43 UTC] WordPress database error Duplicate column name 'title' for query ALTER TABLE `wp_gmp_icons`
			ADD column `title` VARCHAR(100), 
			ADD column `description` text; made by activate_plugin, do_action('activate_google-maps-widget-ready/gmp.php'), call_user_func_array, utilsGmp::activatePlugin, installerGmp::init, installerDbUpdaterGmp::runUpdate, installerDbUpdaterGmp::update_046, dbGmp::query
[03-Dec-2014 17:46:43 UTC] WordPress database error Duplicate column name 'params' for query ALTER TABLE `wp_gmp_markers` ADD column `params` text; made by activate_plugin, do_action('activate_google-maps-widget-ready/gmp.php'), call_user_func_array, utilsGmp::activatePlugin, installerGmp::init, installerDbUpdaterGmp::runUpdate, installerDbUpdaterGmp::update_05, dbGmp::query
[03-Dec-2014 17:46:43 UTC] WordPress database error Duplicate entry 'save_statistic' for key 'code' for query insert into `wp_gmp_options` (`code`,`value`,`label`) VALUES('save_statistic','0','Save Statistic') made by activate_plugin, do_action('activate_google-maps-widget-ready/gmp.php'), call_user_func_array, utilsGmp::activatePlugin, installerGmp::init, installerDbUpdaterGmp::runUpdate, installerDbUpdaterGmp::update_05, dbGmp::query
[03-Dec-2014 17:46:43 UTC] WordPress database error Duplicate entry 'infowindow_size' for key 'code' for query insert into `wp_gmp_options` (`code`,`value`,`label`) VALUES
			('infowindow_size','a:2:{s:5:"width";s:3:"100";s:6:"height";s:3:"100";}','Info Window Size') made by activate_plugin, do_action('activate_google-maps-widget-ready/gmp.php'), call_user_func_array, utilsGmp::activatePlugin, installerGmp::init, installerDbUpdaterGmp::runUpdate, installerDbUpdaterGmp::update_05, dbGmp::query
[03-Dec-2014 17:46:43 UTC] WordPress database error Duplicate entry 'csv' for key 'code' for query INSERT INTO `wp_gmp_modules` (id, code, active, type_id, params, has_tab, label, description)
			VALUES (NULL, 'csv', 1, 1, '', 0, 'csv', 'csv') made by activate_plugin, do_action('activate_google-maps-widget-ready/gmp.php'), call_user_func_array, utilsGmp::activatePlugin, installerGmp::init, installerDbUpdaterGmp::runUpdate, installerDbUpdaterGmp::update_105, dbGmp::query
[03-Dec-2014 17:46:43 UTC] WordPress database error Duplicate entry 'gmap_widget' for key 'code' for query INSERT INTO `wp_gmp_modules` (id, code, active, type_id, params, has_tab, label, description)
			VALUES (NULL, 'gmap_widget', 1, 1, '', 0, 'gmap_widget', 'gmap_widget') made by activate_plugin, do_action('activate_google-maps-widget-ready/gmp.php'), call_user_func_array, utilsGmp::activatePlugin, installerGmp::init, installerDbUpdaterGmp::runUpdate, installerDbUpdaterGmp::update_109, dbGmp::query
[03-Dec-2014 17:47:15 UTC] PHP Fatal error:  Cannot redeclare dsq_options() (previously declared in /home/ubuntu/workspace/wp-content/plugins/disqus-conditional-load/disqus-conditional-load.php:47) in /home/ubuntu/workspace/wp-content/plugins/disqus-comment-system/disqus.php on line 30
[03-Dec-2014 17:47:16 UTC] PHP Fatal error:  Cannot redeclare dsq_options() (previously declared in /home/ubuntu/workspace/wp-content/plugins/disqus-conditional-load/disqus-conditional-load.php:47) in /home/ubuntu/workspace/wp-content/plugins/disqus-comment-system/disqus.php on line 30
[03-Dec-2014 17:47:17 UTC] PHP Fatal error:  Cannot redeclare dsq_options() (previously declared in /home/ubuntu/workspace/wp-content/plugins/disqus-conditional-load/disqus-conditional-load.php:47) in /home/ubuntu/workspace/wp-content/plugins/disqus-comment-system/disqus.php on line 30
[03-Dec-2014 17:47:23 UTC] PHP Fatal error:  Cannot redeclare dsq_options() (previously declared in /home/ubuntu/workspace/wp-content/plugins/disqus-conditional-load/disqus-conditional-load.php:47) in /home/ubuntu/workspace/wp-content/plugins/disqus-comment-system/disqus.php on line 30
[03-Dec-2014 17:47:24 UTC] PHP Fatal error:  Cannot redeclare dsq_options() (previously declared in /home/ubuntu/workspace/wp-content/plugins/disqus-conditional-load/disqus-conditional-load.php:47) in /home/ubuntu/workspace/wp-content/plugins/disqus-comment-system/disqus.php on line 30
[03-Dec-2014 17:47:26 UTC] PHP Fatal error:  Cannot redeclare dsq_options() (previously declared in /home/ubuntu/workspace/wp-content/plugins/disqus-conditional-load/disqus-conditional-load.php:47) in /home/ubuntu/workspace/wp-content/plugins/disqus-comment-system/disqus.php on line 30
[09-Dec-2014 18:37:34 UTC] PHP Warning:  Missing argument 2 for viewGmp::assign(), called in /home/ubuntu/workspace/wp-content/plugins/google-maps-widget-ready/modules/gmap_widget/views/gmap_widget.php on line 22 and defined in /home/ubuntu/workspace/wp-content/plugins/google-maps-widget-ready/classes/view.php on line 73
